2014-01-23 16:30:36,861 - [INFO] - from play in pool-11-thread-4 
Listening for HTTP on /0:0:0:0:0:0:0:0:9000

2014-01-23 16:30:39,737 - [INFO] - from application in play-internal-execution-context-1 
MongoClient created

2014-01-23 16:30:39,738 - [INFO] - from application in play-internal-execution-context-1 
Initializing DB. Ensuring indexes.

2014-01-23 16:30:39,740 - [INFO] - from application in play-internal-execution-context-1 
Initializing DB. Ensuring indexes.

2014-01-23 16:30:39,754 - [INFO] - from application in play-internal-execution-context-1 
Initializing DB. Ensuring indexes.

2014-01-23 16:30:39,755 - [INFO] - from application in play-internal-execution-context-1 
Initializing DB. Ensuring indexes.

2014-01-23 16:30:39,756 - [INFO] - from application in play-internal-execution-context-1 
Initializing DB. Ensuring indexes.

2014-01-23 16:30:39,825 - [INFO] - from play in play-internal-execution-context-1 
Application started (Dev)

2014-01-23 16:30:59,899 - [INFO] - from application in play-akka.actor.default-dispatcher-4 
{"results":[{"address_components":[{"long_name":"Landsberg am Lech","short_name":"Landsberg am Lech","types":["locality","political"]},{"long_name":"Landsberg","short_name":"Landsberg","types":["administrative_area_level_3","political"]},{"long_name":"Upper Bavaria","short_name":"Upper Bavaria","types":["administrative_area_level_2","political"]},{"long_name":"Bavaria","short_name":"BY","types":["administrative_area_level_1","political"]},{"long_name":"Germany","short_name":"DE","types":["country","political"]}],"formatted_address":"Landsberg am Lech, Germany","geometry":{"bounds":{"northeast":{"lat":48.079491,"lng":10.923881},"southwest":{"lat":47.9878791,"lng":10.807257}},"location":{"lat":48.050783,"lng":10.8703515},"location_type":"APPROXIMATE","viewport":{"northeast":{"lat":48.079491,"lng":10.923881},"southwest":{"lat":47.9878791,"lng":10.807257}}},"types":["locality","political"]}],"status":"OK"}

2014-01-23 16:30:59,899 - [INFO] - from application in play-akka.actor.default-dispatcher-8 
{"results":[{"address_components":[{"long_name":"Landsberg am Lech","short_name":"Landsberg am Lech","types":["locality","political"]},{"long_name":"Landsberg","short_name":"Landsberg","types":["administrative_area_level_3","political"]},{"long_name":"Upper Bavaria","short_name":"Upper Bavaria","types":["administrative_area_level_2","political"]},{"long_name":"Bavaria","short_name":"BY","types":["administrative_area_level_1","political"]},{"long_name":"Germany","short_name":"DE","types":["country","political"]}],"formatted_address":"Landsberg am Lech, Germany","geometry":{"bounds":{"northeast":{"lat":48.079491,"lng":10.923881},"southwest":{"lat":47.9878791,"lng":10.807257}},"location":{"lat":48.050783,"lng":10.8703515},"location_type":"APPROXIMATE","viewport":{"northeast":{"lat":48.079491,"lng":10.923881},"southwest":{"lat":47.9878791,"lng":10.807257}}},"types":["locality","political"]}],"status":"OK"}

